# JRE version: OpenJDK Runtime Environment Temurin-17.0.4.1+1 (17.0.4.1+1) (build 17.0.4.1+1)
# Java VM: OpenJDK 64-Bit Server VM Temurin-17.0.4.1+1 (17.0.4.1+1, mixed mode, emulated-client, tiered, compressed oops, compressed class ptrs, g1 gc, windows-amd64)
GC Precious Log:
 CPUs: 4 total, 4 available
 Memory: 8051M
 Large Page Support: Disabled
 NUMA Support: Disabled
 Compressed Oops: Enabled (32-bit)
 Heap Region Size: 1M
 Heap Min Capacity: 8M
 Heap Initial Capacity: 126M
 Heap Max Capacity: 2014M
 Pre-touch: Disabled
 Parallel Workers: 4
 Concurrent Workers: 1
 Concurrent Refinement Workers: 4
 Periodic GC: Disabled
Heap:
 garbage-first heap   total 133120K, used 39198K [0x0000000082200000, 0x0000000100000000)
  region size 1024K, 1 young (1024K), 0 survivors (0K)
 Metaspace       used 53211K, committed 53696K, reserved 1097728K
  class space    used 7007K, committed 7232K, reserved 1048576K
GC Heap History (20 events):
Event: 341451.652 GC heap before
{Heap before GC invocations=26909 (full 26860):
 garbage-first heap   total 133120K, used 39198K [0x0000000082200000, 0x0000000100000000)
  region size 1024K, 1 young (1024K), 0 survivors (0K)
 Metaspace       used 53211K, committed 53696K, reserved 1097728K
  class space    used 7007K, committed 7232K, reserved 1048576K
}
Event: 341451.712 GC heap after
{Heap after GC invocations=26910 (full 26861):
 garbage-first heap   total 133120K, used 39198K [0x0000000082200000, 0x0000000100000000)
  region size 1024K, 0 young (0K), 0 survivors (0K)
 Metaspace       used 53211K, committed 53696K, reserved 1097728K
  class space    used 7007K, committed 7232K, reserved 1048576K
}
Event: 341462.259 GC heap before
{Heap before GC invocations=26910 (full 26861):
 garbage-first heap   total 133120K, used 39198K [0x0000000082200000, 0x0000000100000000)
  region size 1024K, 1 young (1024K), 0 survivors (0K)
 Metaspace       used 53211K, committed 53696K, reserved 1097728K
  class space    used 7007K, committed 7232K, reserved 1048576K
}
Event: 341462.328 GC heap after
{Heap after GC invocations=26911 (full 26862):
 garbage-first heap   total 133120K, used 39198K [0x0000000082200000, 0x0000000100000000)
  region size 1024K, 0 young (0K), 0 survivors (0K)
 Metaspace       used 53211K, committed 53696K, reserved 1097728K
  class space    used 7007K, committed 7232K, reserved 1048576K
}
Event: 341472.789 GC heap before
{Heap before GC invocations=26911 (full 26862):
 garbage-first heap   total 133120K, used 39198K [0x0000000082200000, 0x0000000100000000)
  region size 1024K, 1 young (1024K), 0 survivors (0K)
 Metaspace       used 53211K, committed 53696K, reserved 1097728K
  class space    used 7007K, committed 7232K, reserved 1048576K
}
Event: 341472.857 GC heap after
{Heap after GC invocations=26912 (full 26863):
 garbage-first heap   total 133120K, used 39198K [0x0000000082200000, 0x0000000100000000)
  region size 1024K, 0 young (0K), 0 survivors (0K)
 Metaspace       used 53211K, committed 53696K, reserved 1097728K
  class space    used 7007K, committed 7232K, reserved 1048576K
}
Event: 341483.655 GC heap before
{Heap before GC invocations=26912 (full 26863):
 garbage-first heap   total 133120K, used 39198K [0x0000000082200000, 0x0000000100000000)
  region size 1024K, 1 young (1024K), 0 survivors (0K)
 Metaspace       used 53211K, committed 53696K, reserved 1097728K
  class space    used 7007K, committed 7232K, reserved 1048576K
}
Event: 341483.715 GC heap after
{Heap after GC invocations=26913 (full 26864):
 garbage-first heap   total 133120K, used 39198K [0x0000000082200000, 0x0000000100000000)
  region size 1024K, 0 young (0K), 0 survivors (0K)
 Metaspace       used 53211K, committed 53696K, reserved 1097728K
  class space    used 7007K, committed 7232K, reserved 1048576K
}
Event: 341495.712 GC heap before
{Heap before GC invocations=26913 (full 26864):
 garbage-first heap   total 133120K, used 39198K [0x0000000082200000, 0x0000000100000000)
  region size 1024K, 1 young (1024K), 0 survivors (0K)
 Metaspace       used 53211K, committed 53696K, reserved 1097728K
  class space    used 7007K, committed 7232K, reserved 1048576K
}
Event: 341495.775 GC heap after
{Heap after GC invocations=26914 (full 26865):
 garbage-first heap   total 133120K, used 39198K [0x0000000082200000, 0x0000000100000000)
  region size 1024K, 0 young (0K), 0 survivors (0K)
 Metaspace       used 53211K, committed 53696K, reserved 1097728K
  class space    used 7007K, committed 7232K, reserved 1048576K
}
Event: 341507.389 GC heap before
{Heap before GC invocations=26914 (full 26865):
 garbage-first heap   total 133120K, used 39198K [0x0000000082200000, 0x0000000100000000)
  region size 1024K, 1 young (1024K), 0 survivors (0K)
 Metaspace       used 53211K, committed 53696K, reserved 1097728K
  class space    used 7007K, committed 7232K, reserved 1048576K
}
Event: 341507.460 GC heap after
{Heap after GC invocations=26915 (full 26866):
 garbage-first heap   total 133120K, used 39198K [0x0000000082200000, 0x0000000100000000)
  region size 1024K, 0 young (0K), 0 survivors (0K)
 Metaspace       used 53211K, committed 53696K, reserved 1097728K
  class space    used 7007K, committed 7232K, reserved 1048576K
}
Event: 341517.910 GC heap before
{Heap before GC invocations=26915 (full 26866):
 garbage-first heap   total 133120K, used 39198K [0x0000000082200000, 0x0000000100000000)
  region size 1024K, 1 young (1024K), 0 survivors (0K)
 Metaspace       used 53211K, committed 53696K, reserved 1097728K
  class space    used 7007K, committed 7232K, reserved 1048576K
}
Event: 341517.974 GC heap after
{Heap after GC invocations=26916 (full 26867):
 garbage-first heap   total 133120K, used 39198K [0x0000000082200000, 0x0000000100000000)
  region size 1024K, 0 young (0K), 0 survivors (0K)
 Metaspace       used 53211K, committed 53696K, reserved 1097728K
  class space    used 7007K, committed 7232K, reserved 1048576K
}
Event: 341528.357 GC heap before
{Heap before GC invocations=26916 (full 26867):
 garbage-first heap   total 133120K, used 39198K [0x0000000082200000, 0x0000000100000000)
  region size 1024K, 1 young (1024K), 0 survivors (0K)
 Metaspace       used 53211K, committed 53696K, reserved 1097728K
  class space    used 7007K, committed 7232K, reserved 1048576K
}
Event: 341528.436 GC heap after
{Heap after GC invocations=26917 (full 26868):
 garbage-first heap   total 133120K, used 39198K [0x0000000082200000, 0x0000000100000000)
  region size 1024K, 0 young (0K), 0 survivors (0K)
 Metaspace       used 53211K, committed 53696K, reserved 1097728K
  class space    used 7007K, committed 7232K, reserved 1048576K
}
Event: 341539.887 GC heap before
{Heap before GC invocations=26917 (full 26868):
 garbage-first heap   total 133120K, used 39198K [0x0000000082200000, 0x0000000100000000)
  region size 1024K, 1 young (1024K), 0 survivors (0K)
 Metaspace       used 53211K, committed 53696K, reserved 1097728K
  class space    used 7007K, committed 7232K, reserved 1048576K
}
Event: 341539.952 GC heap after
{Heap after GC invocations=26918 (full 26869):
 garbage-first heap   total 133120K, used 39198K [0x0000000082200000, 0x0000000100000000)
  region size 1024K, 0 young (0K), 0 survivors (0K)
 Metaspace       used 53211K, committed 53696K, reserved 1097728K
  class space    used 7007K, committed 7232K, reserved 1048576K
}
Event: 341550.337 GC heap before
{Heap before GC invocations=26918 (full 26869):
 garbage-first heap   total 133120K, used 39198K [0x0000000082200000, 0x0000000100000000)
  region size 1024K, 1 young (1024K), 0 survivors (0K)
 Metaspace       used 53211K, committed 53696K, reserved 1097728K
  class space    used 7007K, committed 7232K, reserved 1048576K
}
Event: 341550.403 GC heap after
{Heap after GC invocations=26919 (full 26870):
 garbage-first heap   total 133120K, used 39198K [0x0000000082200000, 0x0000000100000000)
  region size 1024K, 0 young (0K), 0 survivors (0K)
 Metaspace       used 53211K, committed 53696K, reserved 1097728K
  class space    used 7007K, committed 7232K, reserved 1048576K
}

