# JRE version: OpenJDK Runtime Environment Temurin-17.0.3+7 (17.0.3+7) (build 17.0.3+7)
# Java VM: OpenJDK 64-Bit Server VM Temurin-17.0.3+7 (17.0.3+7, mixed mode, emulated-client, tiered, compressed oops, compressed class ptrs, g1 gc, windows-amd64)
GC Precious Log:
 CPUs: 4 total, 4 available
 Memory: 8051M
 Large Page Support: Disabled
 NUMA Support: Disabled
 Compressed Oops: Enabled (32-bit)
 Heap Region Size: 1M
 Heap Min Capacity: 8M
 Heap Initial Capacity: 126M
 Heap Max Capacity: 2014M
 Pre-touch: Disabled
 Parallel Workers: 4
 Concurrent Workers: 1
 Concurrent Refinement Workers: 4
 Periodic GC: Disabled
Heap:
 garbage-first heap   total 509952K, used 410112K [0x0000000082200000, 0x0000000100000000)
  region size 1024K, 206 young (210944K), 23 survivors (23552K)
 Metaspace       used 45752K, committed 46144K, reserved 1089536K
  class space    used 5624K, committed 5824K, reserved 1048576K
GC Heap History (20 events):
Event: 70.637 GC heap before
{Heap before GC invocations=27 (full 0):
 garbage-first heap   total 254976K, used 209280K [0x0000000082200000, 0x0000000100000000)
  region size 1024K, 127 young (130048K), 11 survivors (11264K)
 Metaspace       used 35740K, committed 36096K, reserved 1081344K
  class space    used 4612K, committed 4800K, reserved 1048576K
}
Event: 70.649 GC heap after
{Heap after GC invocations=28 (full 0):
 garbage-first heap   total 509952K, used 97509K [0x0000000082200000, 0x0000000100000000)
  region size 1024K, 11 young (11264K), 11 survivors (11264K)
 Metaspace       used 35740K, committed 36096K, reserved 1081344K
  class space    used 4612K, committed 4800K, reserved 1048576K
}
Event: 73.813 GC heap before
{Heap before GC invocations=28 (full 0):
 garbage-first heap   total 509952K, used 390373K [0x0000000082200000, 0x0000000100000000)
  region size 1024K, 298 young (305152K), 11 survivors (11264K)
 Metaspace       used 36573K, committed 36928K, reserved 1081344K
  class space    used 4686K, committed 4864K, reserved 1048576K
}
Event: 73.826 GC heap after
{Heap after GC invocations=29 (full 0):
 garbage-first heap   total 509952K, used 108773K [0x0000000082200000, 0x0000000100000000)
  region size 1024K, 22 young (22528K), 22 survivors (22528K)
 Metaspace       used 36573K, committed 36928K, reserved 1081344K
  class space    used 4686K, committed 4864K, reserved 1048576K
}
Event: 76.325 GC heap before
{Heap before GC invocations=29 (full 0):
 garbage-first heap   total 509952K, used 390373K [0x0000000082200000, 0x0000000100000000)
  region size 1024K, 298 young (305152K), 22 survivors (22528K)
 Metaspace       used 38010K, committed 38336K, reserved 1089536K
  class space    used 4796K, committed 4928K, reserved 1048576K
}
Event: 76.349 GC heap after
{Heap after GC invocations=30 (full 0):
 garbage-first heap   total 509952K, used 126773K [0x0000000082200000, 0x0000000100000000)
  region size 1024K, 35 young (35840K), 35 survivors (35840K)
 Metaspace       used 38010K, committed 38336K, reserved 1089536K
  class space    used 4796K, committed 4928K, reserved 1048576K
}
Event: 82.932 GC heap before
{Heap before GC invocations=30 (full 0):
 garbage-first heap   total 509952K, used 396085K [0x0000000082200000, 0x0000000100000000)
  region size 1024K, 298 young (305152K), 35 survivors (35840K)
 Metaspace       used 42552K, committed 42944K, reserved 1089536K
  class space    used 5262K, committed 5440K, reserved 1048576K
}
Event: 82.954 GC heap after
{Heap after GC invocations=31 (full 0):
 garbage-first heap   total 509952K, used 146326K [0x0000000082200000, 0x0000000100000000)
  region size 1024K, 37 young (37888K), 37 survivors (37888K)
 Metaspace       used 42552K, committed 42944K, reserved 1089536K
  class space    used 5262K, committed 5440K, reserved 1048576K
}
Event: 91.257 GC heap before
{Heap before GC invocations=31 (full 0):
 garbage-first heap   total 509952K, used 412566K [0x0000000082200000, 0x0000000100000000)
  region size 1024K, 297 young (304128K), 37 survivors (37888K)
 Metaspace       used 45381K, committed 45760K, reserved 1089536K
  class space    used 5580K, committed 5760K, reserved 1048576K
}
Event: 91.286 GC heap after
{Heap after GC invocations=32 (full 0):
 garbage-first heap   total 509952K, used 160256K [0x0000000082200000, 0x0000000100000000)
  region size 1024K, 31 young (31744K), 31 survivors (31744K)
 Metaspace       used 45381K, committed 45760K, reserved 1089536K
  class space    used 5580K, committed 5760K, reserved 1048576K
}
Event: 97.132 GC heap before
{Heap before GC invocations=32 (full 0):
 garbage-first heap   total 509952K, used 417280K [0x0000000082200000, 0x0000000100000000)
  region size 1024K, 283 young (289792K), 31 survivors (31744K)
 Metaspace       used 45381K, committed 45760K, reserved 1089536K
  class space    used 5580K, committed 5760K, reserved 1048576K
}
Event: 97.155 GC heap after
{Heap after GC invocations=33 (full 0):
 garbage-first heap   total 509952K, used 173056K [0x0000000082200000, 0x0000000100000000)
  region size 1024K, 26 young (26624K), 26 survivors (26624K)
 Metaspace       used 45381K, committed 45760K, reserved 1089536K
  class space    used 5580K, committed 5760K, reserved 1048576K
}
Event: 101.533 GC heap before
{Heap before GC invocations=33 (full 0):
 garbage-first heap   total 509952K, used 420864K [0x0000000082200000, 0x0000000100000000)
  region size 1024K, 269 young (275456K), 26 survivors (26624K)
 Metaspace       used 45381K, committed 45760K, reserved 1089536K
  class space    used 5580K, committed 5760K, reserved 1048576K
}
Event: 101.556 GC heap after
{Heap after GC invocations=34 (full 0):
 garbage-first heap   total 509952K, used 185856K [0x0000000082200000, 0x0000000100000000)
  region size 1024K, 25 young (25600K), 25 survivors (25600K)
 Metaspace       used 45381K, committed 45760K, reserved 1089536K
  class space    used 5580K, committed 5760K, reserved 1048576K
}
Event: 105.040 GC heap before
{Heap before GC invocations=34 (full 0):
 garbage-first heap   total 509952K, used 424448K [0x0000000082200000, 0x0000000100000000)
  region size 1024K, 259 young (265216K), 25 survivors (25600K)
 Metaspace       used 45381K, committed 45760K, reserved 1089536K
  class space    used 5580K, committed 5760K, reserved 1048576K
}
Event: 105.058 GC heap after
{Heap after GC invocations=35 (full 0):
 garbage-first heap   total 509952K, used 197120K [0x0000000082200000, 0x0000000100000000)
  region size 1024K, 23 young (23552K), 23 survivors (23552K)
 Metaspace       used 45381K, committed 45760K, reserved 1089536K
  class space    used 5580K, committed 5760K, reserved 1048576K
}
Event: 108.756 GC heap before
{Heap before GC invocations=35 (full 0):
 garbage-first heap   total 509952K, used 425472K [0x0000000082200000, 0x0000000100000000)
  region size 1024K, 247 young (252928K), 23 survivors (23552K)
 Metaspace       used 45381K, committed 45760K, reserved 1089536K
  class space    used 5580K, committed 5760K, reserved 1048576K
}
Event: 108.775 GC heap after
{Heap after GC invocations=36 (full 0):
 garbage-first heap   total 509952K, used 209920K [0x0000000082200000, 0x0000000100000000)
  region size 1024K, 24 young (24576K), 24 survivors (24576K)
 Metaspace       used 45381K, committed 45760K, reserved 1089536K
  class space    used 5580K, committed 5760K, reserved 1048576K
}
Event: 110.669 GC heap before
{Heap before GC invocations=36 (full 0):
 garbage-first heap   total 509952K, used 429056K [0x0000000082200000, 0x0000000100000000)
  region size 1024K, 237 young (242688K), 24 survivors (24576K)
 Metaspace       used 45381K, committed 45760K, reserved 1089536K
  class space    used 5580K, committed 5760K, reserved 1048576K
}
Event: 110.707 GC heap after
{Heap after GC invocations=37 (full 0):
 garbage-first heap   total 509952K, used 223744K [0x0000000082200000, 0x0000000100000000)
  region size 1024K, 23 young (23552K), 23 survivors (23552K)
 Metaspace       used 45381K, committed 45760K, reserved 1089536K
  class space    used 5580K, committed 5760K, reserved 1048576K
}

